Running: E:\Xilinx\14.7\ISE_DS\ISE\bin\nt64\unwrapped\fuse.exe -intstyle ise -incremental -lib unisims_ver -lib unimacro_ver -lib xilinxcorelib_ver -lib secureip -o E:/ISE_project/MIPS-RIJ/test_isim_beh.exe -prj E:/ISE_project/MIPS-RIJ/test_beh.prj work.test work.glbl 
ISim P.20131013 (signature 0x7708f090)
Number of CPUs detected in this system: 20
Turning on mult-threading, number of parallel sub-compilation jobs: 40 
Determining compilation order of HDL files
Analyzing Verilog file "E:/ISE_project/MIPS-RIJ/ipcore_dir/ROM.v" into library work
Analyzing Verilog file "E:/ISE_project/MIPS-RIJ/REGS.v" into library work
Analyzing Verilog file "E:/ISE_project/MIPS-RIJ/PC.v" into library work
Analyzing Verilog file "E:/ISE_project/MIPS-RIJ/ipcore_dir/RAM.v" into library work
Analyzing Verilog file "E:/ISE_project/MIPS-RIJ/Inst_Decoder.v" into library work
Analyzing Verilog file "E:/ISE_project/MIPS-RIJ/ALU.v" into library work
Analyzing Verilog file "E:/ISE_project/MIPS-RIJ/CPU.v" into library work
Analyzing Verilog file "E:/ISE_project/MIPS-RIJ/test.v" into library work
Analyzing Verilog file "E:/Xilinx/14.7/ISE_DS/ISE//verilog/src/glbl.v" into library work
Starting static elaboration
WARNING:HDLCompiler:1016 - "E:/ISE_project/MIPS-RIJ/PC.v" Line 33: Port wea is not connected to this instance
Completed static elaboration
Compiling module BLK_MEM_GEN_V7_3_output_stage(C_...
Compiling module BLK_MEM_GEN_V7_3_softecc_output_...
Compiling module BLK_MEM_GEN_V7_3_mem_module(C_CO...
Compiling module BLK_MEM_GEN_V7_3(C_FAMILY="spart...
Compiling module ROM
Compiling module PC
Compiling module Inst_Decoder
Compiling module REGS
Compiling module ALU
Compiling module BLK_MEM_GEN_V7_3_mem_module(C_CO...
Compiling module BLK_MEM_GEN_V7_3(C_FAMILY="spart...
Compiling module RAM
Compiling module CPU
Compiling module test
Compiling module glbl
Time Resolution for simulation is 1ps.
Waiting for 1 sub-compilation(s) to finish...
Compiled 15 Verilog Units
Built simulation executable E:/ISE_project/MIPS-RIJ/test_isim_beh.exe
Fuse Memory Usage: 35188 KB
Fuse CPU Usage: 280 ms
